<?xml version="1.0" encoding="UTF-8"?>
<!-- Generated by org.testng.reporters.JUnitReportReporter -->
<testsuite hostname="ashishsri" failures="0" tests="3" name="AllTestCases.toVerifySignupAndLoginTest" time="17.808" errors="0" timestamp="2023-02-16T09:37:51 IST" skipped="1">
  <testcase classname="AllTestCases.toVerifySignupAndLoginTest" name="toVerifyLogin" time="8.592"/>
  <system-out/>
  <testcase classname="AllTestCases.toVerifySignupAndLoginTest" name="toVerifyLogin" time="9.216"/>
  <system-out/>
  <testcase classname="AllTestCases.toVerifySignupAndLoginTest" name="CreateSignup">
    <skipped/>
  </testcase> <!-- CreateSignup -->
  <system-out/>
</testsuite> <!-- AllTestCases.toVerifySignupAndLoginTest -->
