<?xml version="1.0" encoding="UTF-8"?>
<!-- Generated by org.testng.reporters.JUnitReportReporter -->
<testsuite hostname="ashishsri" failures="0" tests="1" name="AllTestCases.ListClass" time="5.915" errors="0" timestamp="2023-02-16T21:07:30 IST" skipped="0">
  <testcase classname="AllTestCases.ListClass" name="testcase1" time="5.915"/>
  <system-out/>
</testsuite> <!-- AllTestCases.ListClass -->
